[0.044s] Invoking command in '/home/user/ros2_ws/build/robot_patrol': CMAKE_PREFIX_PATH=${CMAKE_PREFIX_PATH}:/home/simulations/ros2_sims_ws/install/rclrs_tests:/home/simulations/ros2_sims_ws/install/examples_rclrs_minimal_client_service:/home/simulations/ros2_sims_ws/install/sensor_msgs_py:/home/simulations/ros2_sims_ws/install/examples_rclrs_minimal_pub_sub:/home/simulations/ros2_sims_ws/install/examples_rclrs_message_demo:/home/simulations/ros2_sims_ws/install/rclrs:/home/simulations/ros2_sims_ws/install/rosidl_runtime_rs:/opt/ros/humble _=/usr/bin/env /usr/bin/cmake --build /home/user/ros2_ws/build/robot_patrol -- -j8 -l8
[0.151s] [35m[1mConsolidate compiler generated dependencies of target Move_turtlebot_node[0m
[0.210s] [ 50%] [32mBuilding CXX object CMakeFiles/Move_turtlebot_node.dir/src/patrol.cpp.o[0m
[13.558s] [100%] [32m[1mLinking CXX executable Move_turtlebot_node[0m
[14.280s] [100%] Built target Move_turtlebot_node
[14.300s] Invoked command in '/home/user/ros2_ws/build/robot_patrol' returned '0': CMAKE_PREFIX_PATH=${CMAKE_PREFIX_PATH}:/home/simulations/ros2_sims_ws/install/rclrs_tests:/home/simulations/ros2_sims_ws/install/examples_rclrs_minimal_client_service:/home/simulations/ros2_sims_ws/install/sensor_msgs_py:/home/simulations/ros2_sims_ws/install/examples_rclrs_minimal_pub_sub:/home/simulations/ros2_sims_ws/install/examples_rclrs_message_demo:/home/simulations/ros2_sims_ws/install/rclrs:/home/simulations/ros2_sims_ws/install/rosidl_runtime_rs:/opt/ros/humble _=/usr/bin/env /usr/bin/cmake --build /home/user/ros2_ws/build/robot_patrol -- -j8 -l8
[14.449s] Invoking command in '/home/user/ros2_ws/build/robot_patrol': CMAKE_PREFIX_PATH=${CMAKE_PREFIX_PATH}:/home/simulations/ros2_sims_ws/install/rclrs_tests:/home/simulations/ros2_sims_ws/install/examples_rclrs_minimal_client_service:/home/simulations/ros2_sims_ws/install/sensor_msgs_py:/home/simulations/ros2_sims_ws/install/examples_rclrs_minimal_pub_sub:/home/simulations/ros2_sims_ws/install/examples_rclrs_message_demo:/home/simulations/ros2_sims_ws/install/rclrs:/home/simulations/ros2_sims_ws/install/rosidl_runtime_rs:/opt/ros/humble _=/usr/bin/env /usr/bin/cmake --install /home/user/ros2_ws/build/robot_patrol
[14.479s] -- Install configuration: ""
[14.480s] -- Installing: /home/user/ros2_ws/install/robot_patrol/lib/robot_patrol/Move_turtlebot_node
[14.489s] -- Set runtime path of "/home/user/ros2_ws/install/robot_patrol/lib/robot_patrol/Move_turtlebot_node" to ""
[14.489s] -- Installing: /home/user/ros2_ws/install/robot_patrol/share/robot_patrol//launch
[14.489s] -- Installing: /home/user/ros2_ws/install/robot_patrol/share/robot_patrol//launch/start_patrolling.launch.py
[14.489s] -- Installing: /home/user/ros2_ws/install/robot_patrol/share/ament_index/resource_index/package_run_dependencies/robot_patrol
[14.489s] -- Up-to-date: /home/user/ros2_ws/install/robot_patrol/share/ament_index/resource_index/parent_prefix_path/robot_patrol
[14.490s] -- Up-to-date: /home/user/ros2_ws/install/robot_patrol/share/robot_patrol/environment/ament_prefix_path.sh
[14.490s] -- Installing: /home/user/ros2_ws/install/robot_patrol/share/robot_patrol/environment/ament_prefix_path.dsv
[14.490s] -- Up-to-date: /home/user/ros2_ws/install/robot_patrol/share/robot_patrol/environment/path.sh
[14.490s] -- Installing: /home/user/ros2_ws/install/robot_patrol/share/robot_patrol/environment/path.dsv
[14.490s] -- Up-to-date: /home/user/ros2_ws/install/robot_patrol/share/robot_patrol/local_setup.bash
[14.491s] -- Up-to-date: /home/user/ros2_ws/install/robot_patrol/share/robot_patrol/local_setup.sh
[14.491s] -- Up-to-date: /home/user/ros2_ws/install/robot_patrol/share/robot_patrol/local_setup.zsh
[14.491s] -- Installing: /home/user/ros2_ws/install/robot_patrol/share/robot_patrol/local_setup.dsv
[14.491s] -- Installing: /home/user/ros2_ws/install/robot_patrol/share/robot_patrol/package.dsv
[14.491s] -- Up-to-date: /home/user/ros2_ws/install/robot_patrol/share/ament_index/resource_index/packages/robot_patrol
[14.491s] -- Up-to-date: /home/user/ros2_ws/install/robot_patrol/share/robot_patrol/cmake/robot_patrolConfig.cmake
[14.491s] -- Up-to-date: /home/user/ros2_ws/install/robot_patrol/share/robot_patrol/cmake/robot_patrolConfig-version.cmake
[14.492s] -- Installing: /home/user/ros2_ws/install/robot_patrol/share/robot_patrol/package.xml
[14.495s] Invoked command in '/home/user/ros2_ws/build/robot_patrol' returned '0': CMAKE_PREFIX_PATH=${CMAKE_PREFIX_PATH}:/home/simulations/ros2_sims_ws/install/rclrs_tests:/home/simulations/ros2_sims_ws/install/examples_rclrs_minimal_client_service:/home/simulations/ros2_sims_ws/install/sensor_msgs_py:/home/simulations/ros2_sims_ws/install/examples_rclrs_minimal_pub_sub:/home/simulations/ros2_sims_ws/install/examples_rclrs_message_demo:/home/simulations/ros2_sims_ws/install/rclrs:/home/simulations/ros2_sims_ws/install/rosidl_runtime_rs:/opt/ros/humble _=/usr/bin/env /usr/bin/cmake --install /home/user/ros2_ws/build/robot_patrol
