[0.533s] DEBUG:colcon:Command line arguments: ['/usr/bin/colcon', 'build']
[0.533s] DEBUG:colcon:Parsed command line arguments: Namespace(log_base=None, log_level=None, verb_name='build', build_base='build', install_base='install', merge_install=False, symlink_install=False, test_result_base=None, continue_on_error=False, executor='parallel', parallel_workers=8, event_handlers=None, ignore_user_meta=False, metas=['./colcon.meta'], base_paths=['.'], packages_ignore=None, packages_ignore_regex=None, paths=None, packages_up_to=None, packages_up_to_regex=None, packages_above=None, packages_above_and_dependencies=None, packages_above_depth=None, packages_select_by_dep=None, packages_skip_by_dep=None, packages_skip_up_to=None, packages_select_build_failed=False, packages_skip_build_finished=False, packages_select_test_failures=False, packages_skip_test_passed=False, packages_select=None, packages_skip=None, packages_select_regex=None, packages_skip_regex=None, packages_start=None, packages_end=None, lookup_in_workspace=False, cargo_args=None, clean_build=False, cmake_args=None, cmake_target=None, cmake_target_skip_unavailable=False, cmake_clean_cache=False, cmake_clean_first=False, cmake_force_configure=False, ament_cmake_args=None, catkin_cmake_args=None, catkin_skip_building_tests=False, mixin_files=None, mixin=None, verb_parser=<colcon_mixin.mixin.mixin_argument.MixinArgumentDecorator object at 0x7fd9b531ba00>, verb_extension=<colcon_core.verb.build.BuildVerb object at 0x7fd9b5288970>, main=<bound method BuildVerb.main of <colcon_core.verb.build.BuildVerb object at 0x7fd9b5288970>>, mixin_verb=('build',))
[0.563s] Level 1:colcon.colcon_core.package_discovery:discover_packages(colcon_meta) check parameters
[0.563s] Level 1:colcon.colcon_core.package_discovery:discover_packages(recursive) check parameters
[0.563s] Level 1:colcon.colcon_core.package_discovery:discover_packages(ignore) check parameters
[0.563s] Level 1:colcon.colcon_core.package_discovery:discover_packages(path) check parameters
[0.563s] Level 1:colcon.colcon_core.package_discovery:discover_packages(colcon_meta) discover
[0.563s] Level 1:colcon.colcon_core.package_discovery:discover_packages(recursive) discover
[0.563s] INFO:colcon.colcon_core.package_discovery:Crawling recursively for packages in '/home/user/ros2_ws'
[0.563s] Level 1:colcon.colcon_core.package_identification:_identify(.) by extensions ['ignore', 'ignore_ament_install']
[0.564s] Level 1:colcon.colcon_core.package_identification:_identify(.) by extension 'ignore'
[0.564s] Level 1:colcon.colcon_core.package_identification:_identify(.) by extension 'ignore_ament_install'
[0.564s] Level 1:colcon.colcon_core.package_identification:_identify(.) by extensions ['colcon_pkg']
[0.564s] Level 1:colcon.colcon_core.package_identification:_identify(.) by extension 'colcon_pkg'
[0.564s] Level 1:colcon.colcon_core.package_identification:_identify(.) by extensions ['colcon_meta']
[0.564s] Level 1:colcon.colcon_core.package_identification:_identify(.) by extension 'colcon_meta'
[0.564s] Level 1:colcon.colcon_core.package_identification:_identify(.) by extensions ['ament_cargo']
[0.564s] Level 1:colcon.colcon_core.package_identification:_identify(.) by extension 'ament_cargo'
[0.564s] Level 1:colcon.colcon_core.package_identification:_identify(.) by extensions ['ros']
[0.564s] Level 1:colcon.colcon_core.package_identification:_identify(.) by extension 'ros'
[0.578s] Level 1:colcon.colcon_core.package_identification:_identify(.) by extensions ['cargo', 'cmake', 'python']
[0.578s] Level 1:colcon.colcon_core.package_identification:_identify(.) by extension 'cargo'
[0.578s] Level 1:colcon.colcon_core.package_identification:_identify(.) by extension 'cmake'
[0.578s] Level 1:colcon.colcon_core.package_identification:_identify(.) by extension 'python'
[0.578s] Level 1:colcon.colcon_core.package_identification:_identify(.) by extensions ['python_setup_py']
[0.578s] Level 1:colcon.colcon_core.package_identification:_identify(.) by extension 'python_setup_py'
[0.578s] Level 1:colcon.colcon_core.package_identification:_identify(build) by extensions ['ignore', 'ignore_ament_install']
[0.578s] Level 1:colcon.colcon_core.package_identification:_identify(build) by extension 'ignore'
[0.578s] Level 1:colcon.colcon_core.package_identification:_identify(build) ignored
[0.579s] Level 1:colcon.colcon_core.package_identification:_identify(install) by extensions ['ignore', 'ignore_ament_install']
[0.579s] Level 1:colcon.colcon_core.package_identification:_identify(install) by extension 'ignore'
[0.579s] Level 1:colcon.colcon_core.package_identification:_identify(install) ignored
[0.579s] Level 1:colcon.colcon_core.package_identification:_identify(log) by extensions ['ignore', 'ignore_ament_install']
[0.579s] Level 1:colcon.colcon_core.package_identification:_identify(log) by extension 'ignore'
[0.579s] Level 1:colcon.colcon_core.package_identification:_identify(log) ignored
[0.579s] Level 1:colcon.colcon_core.package_identification:_identify(src) by extensions ['ignore', 'ignore_ament_install']
[0.579s] Level 1:colcon.colcon_core.package_identification:_identify(src) by extension 'ignore'
[0.579s] Level 1:colcon.colcon_core.package_identification:_identify(src) by extension 'ignore_ament_install'
[0.579s] Level 1:colcon.colcon_core.package_identification:_identify(src) by extensions ['colcon_pkg']
[0.579s] Level 1:colcon.colcon_core.package_identification:_identify(src) by extension 'colcon_pkg'
[0.579s] Level 1:colcon.colcon_core.package_identification:_identify(src) by extensions ['colcon_meta']
[0.579s] Level 1:colcon.colcon_core.package_identification:_identify(src) by extension 'colcon_meta'
[0.579s] Level 1:colcon.colcon_core.package_identification:_identify(src) by extensions ['ament_cargo']
[0.579s] Level 1:colcon.colcon_core.package_identification:_identify(src) by extension 'ament_cargo'
[0.580s] Level 1:colcon.colcon_core.package_identification:_identify(src) by extensions ['ros']
[0.580s] Level 1:colcon.colcon_core.package_identification:_identify(src) by extension 'ros'
[0.580s] Level 1:colcon.colcon_core.package_identification:_identify(src) by extensions ['cargo', 'cmake', 'python']
[0.580s] Level 1:colcon.colcon_core.package_identification:_identify(src) by extension 'cargo'
[0.580s] Level 1:colcon.colcon_core.package_identification:_identify(src) by extension 'cmake'
[0.580s] Level 1:colcon.colcon_core.package_identification:_identify(src) by extension 'python'
[0.580s] Level 1:colcon.colcon_core.package_identification:_identify(src) by extensions ['python_setup_py']
[0.580s] Level 1:colcon.colcon_core.package_identification:_identify(src) by extension 'python_setup_py'
[0.580s] Level 1:colcon.colcon_core.package_identification:_identify(src/robot_patrol) by extensions ['ignore', 'ignore_ament_install']
[0.580s] Level 1:colcon.colcon_core.package_identification:_identify(src/robot_patrol) by extension 'ignore'
[0.580s] Level 1:colcon.colcon_core.package_identification:_identify(src/robot_patrol) by extension 'ignore_ament_install'
[0.580s] Level 1:colcon.colcon_core.package_identification:_identify(src/robot_patrol) by extensions ['colcon_pkg']
[0.580s] Level 1:colcon.colcon_core.package_identification:_identify(src/robot_patrol) by extension 'colcon_pkg'
[0.580s] Level 1:colcon.colcon_core.package_identification:_identify(src/robot_patrol) by extensions ['colcon_meta']
[0.580s] Level 1:colcon.colcon_core.package_identification:_identify(src/robot_patrol) by extension 'colcon_meta'
[0.580s] Level 1:colcon.colcon_core.package_identification:_identify(src/robot_patrol) by extensions ['ament_cargo']
[0.580s] Level 1:colcon.colcon_core.package_identification:_identify(src/robot_patrol) by extension 'ament_cargo'
[0.580s] Level 1:colcon.colcon_core.package_identification:_identify(src/robot_patrol) by extensions ['ros']
[0.580s] Level 1:colcon.colcon_core.package_identification:_identify(src/robot_patrol) by extension 'ros'
[0.583s] DEBUG:colcon.colcon_core.package_identification:Package 'src/robot_patrol' with type 'ros.ament_cmake' and name 'robot_patrol'
[0.583s] Level 1:colcon.colcon_core.package_discovery:discover_packages(recursive) using defaults
[0.583s] Level 1:colcon.colcon_core.package_discovery:discover_packages(ignore) discover
[0.583s] Level 1:colcon.colcon_core.package_discovery:discover_packages(ignore) using defaults
[0.583s] Level 1:colcon.colcon_core.package_discovery:discover_packages(path) discover
[0.583s] Level 1:colcon.colcon_core.package_discovery:discover_packages(path) using defaults
[0.614s] Level 5:colcon.colcon_core.verb:set package 'robot_patrol' build argument 'lookup_in_workspace' from command line to 'False'
[0.615s] Level 5:colcon.colcon_core.verb:set package 'robot_patrol' build argument 'cargo_args' from command line to 'None'
[0.615s] Level 5:colcon.colcon_core.verb:set package 'robot_patrol' build argument 'clean_build' from command line to 'False'
[0.615s] Level 5:colcon.colcon_core.verb:set package 'robot_patrol' build argument 'cmake_args' from command line to 'None'
[0.615s] Level 5:colcon.colcon_core.verb:set package 'robot_patrol' build argument 'cmake_target' from command line to 'None'
[0.615s] Level 5:colcon.colcon_core.verb:set package 'robot_patrol' build argument 'cmake_target_skip_unavailable' from command line to 'False'
[0.615s] Level 5:colcon.colcon_core.verb:set package 'robot_patrol' build argument 'cmake_clean_cache' from command line to 'False'
[0.615s] Level 5:colcon.colcon_core.verb:set package 'robot_patrol' build argument 'cmake_clean_first' from command line to 'False'
[0.615s] Level 5:colcon.colcon_core.verb:set package 'robot_patrol' build argument 'cmake_force_configure' from command line to 'False'
[0.615s] Level 5:colcon.colcon_core.verb:set package 'robot_patrol' build argument 'ament_cmake_args' from command line to 'None'
[0.615s] Level 5:colcon.colcon_core.verb:set package 'robot_patrol' build argument 'catkin_cmake_args' from command line to 'None'
[0.615s] Level 5:colcon.colcon_core.verb:set package 'robot_patrol' build argument 'catkin_skip_building_tests' from command line to 'False'
[0.615s] DEBUG:colcon.colcon_core.verb:Building package 'robot_patrol' with the following arguments: {'ament_cmake_args': None, 'build_base': '/home/user/ros2_ws/build/robot_patrol', 'cargo_args': None, 'catkin_cmake_args': None, 'catkin_skip_building_tests': False, 'clean_build': False, 'cmake_args': None, 'cmake_clean_cache': False, 'cmake_clean_first': False, 'cmake_force_configure': False, 'cmake_target': None, 'cmake_target_skip_unavailable': False, 'install_base': '/home/user/ros2_ws/install/robot_patrol', 'lookup_in_workspace': False, 'merge_install': False, 'path': '/home/user/ros2_ws/src/robot_patrol', 'symlink_install': False, 'test_result_base': None}
[0.616s] INFO:colcon.colcon_core.executor:Executing jobs using 'parallel' executor
[0.620s] DEBUG:colcon.colcon_parallel_executor.executor.parallel:run_until_complete
[0.620s] INFO:colcon.colcon_ros.task.ament_cmake.build:Building ROS package in '/home/user/ros2_ws/src/robot_patrol' with build type 'ament_cmake'
[0.620s] INFO:colcon.colcon_cmake.task.cmake.build:Building CMake package in '/home/user/ros2_ws/src/robot_patrol'
[0.627s] INFO:colcon.colcon_core.plugin_system:Skipping extension 'colcon_core.shell.bat': Not used on non-Windows systems
[0.627s] INFO:colcon.colcon_core.shell:Skip shell extension 'powershell' for command environment: Not usable outside of PowerShell
[0.627s] DEBUG:colcon.colcon_core.shell:Skip shell extension 'dsv' for command environment
[0.647s] DEBUG:colcon.colcon_core.event_handler.log_command:Invoking command in '/home/user/ros2_ws/build/robot_patrol': CMAKE_PREFIX_PATH=${CMAKE_PREFIX_PATH}:/home/simulations/ros2_sims_ws/install/rclrs_tests:/home/simulations/ros2_sims_ws/install/examples_rclrs_minimal_client_service:/home/simulations/ros2_sims_ws/install/sensor_msgs_py:/home/simulations/ros2_sims_ws/install/examples_rclrs_minimal_pub_sub:/home/simulations/ros2_sims_ws/install/examples_rclrs_message_demo:/home/simulations/ros2_sims_ws/install/rclrs:/home/simulations/ros2_sims_ws/install/rosidl_runtime_rs:/opt/ros/humble _=/usr/bin/env /usr/bin/cmake --build /home/user/ros2_ws/build/robot_patrol -- -j8 -l8
[11.342s] DEBUG:colcon.colcon_core.event_handler.log_command:Invoked command in '/home/user/ros2_ws/build/robot_patrol' returned '0': CMAKE_PREFIX_PATH=${CMAKE_PREFIX_PATH}:/home/simulations/ros2_sims_ws/install/rclrs_tests:/home/simulations/ros2_sims_ws/install/examples_rclrs_minimal_client_service:/home/simulations/ros2_sims_ws/install/sensor_msgs_py:/home/simulations/ros2_sims_ws/install/examples_rclrs_minimal_pub_sub:/home/simulations/ros2_sims_ws/install/examples_rclrs_message_demo:/home/simulations/ros2_sims_ws/install/rclrs:/home/simulations/ros2_sims_ws/install/rosidl_runtime_rs:/opt/ros/humble _=/usr/bin/env /usr/bin/cmake --build /home/user/ros2_ws/build/robot_patrol -- -j8 -l8
[11.409s] DEBUG:colcon.colcon_core.event_handler.log_command:Invoking command in '/home/user/ros2_ws/build/robot_patrol': CMAKE_PREFIX_PATH=${CMAKE_PREFIX_PATH}:/home/simulations/ros2_sims_ws/install/rclrs_tests:/home/simulations/ros2_sims_ws/install/examples_rclrs_minimal_client_service:/home/simulations/ros2_sims_ws/install/sensor_msgs_py:/home/simulations/ros2_sims_ws/install/examples_rclrs_minimal_pub_sub:/home/simulations/ros2_sims_ws/install/examples_rclrs_message_demo:/home/simulations/ros2_sims_ws/install/rclrs:/home/simulations/ros2_sims_ws/install/rosidl_runtime_rs:/opt/ros/humble _=/usr/bin/env /usr/bin/cmake --install /home/user/ros2_ws/build/robot_patrol
[11.428s] Level 1:colcon.colcon_core.environment:create_environment_scripts_only(robot_patrol)
[11.430s] DEBUG:colcon.colcon_core.event_handler.log_command:Invoked command in '/home/user/ros2_ws/build/robot_patrol' returned '0': CMAKE_PREFIX_PATH=${CMAKE_PREFIX_PATH}:/home/simulations/ros2_sims_ws/install/rclrs_tests:/home/simulations/ros2_sims_ws/install/examples_rclrs_minimal_client_service:/home/simulations/ros2_sims_ws/install/sensor_msgs_py:/home/simulations/ros2_sims_ws/install/examples_rclrs_minimal_pub_sub:/home/simulations/ros2_sims_ws/install/examples_rclrs_message_demo:/home/simulations/ros2_sims_ws/install/rclrs:/home/simulations/ros2_sims_ws/install/rosidl_runtime_rs:/opt/ros/humble _=/usr/bin/env /usr/bin/cmake --install /home/user/ros2_ws/build/robot_patrol
[11.435s] Level 1:colcon.colcon_core.environment:checking '/home/user/ros2_ws/install/robot_patrol' for CMake module files
[11.435s] Level 1:colcon.colcon_core.environment:checking '/home/user/ros2_ws/install/robot_patrol' for CMake config files
[11.436s] Level 1:colcon.colcon_core.shell:create_environment_hook('robot_patrol', 'cmake_prefix_path')
[11.437s] INFO:colcon.colcon_core.shell:Creating environment hook '/home/user/ros2_ws/install/robot_patrol/share/robot_patrol/hook/cmake_prefix_path.ps1'
[11.438s] INFO:colcon.colcon_core.shell:Creating environment descriptor '/home/user/ros2_ws/install/robot_patrol/share/robot_patrol/hook/cmake_prefix_path.dsv'
[11.438s] INFO:colcon.colcon_core.shell:Creating environment hook '/home/user/ros2_ws/install/robot_patrol/share/robot_patrol/hook/cmake_prefix_path.sh'
[11.439s] Level 1:colcon.colcon_core.environment:checking '/home/user/ros2_ws/install/robot_patrol/lib'
[11.440s] Level 1:colcon.colcon_core.environment:checking '/home/user/ros2_ws/install/robot_patrol/bin'
[11.440s] Level 1:colcon.colcon_core.environment:checking '/home/user/ros2_ws/install/robot_patrol/lib/pkgconfig/robot_patrol.pc'
[11.442s] Level 1:colcon.colcon_core.environment:checking '/home/user/ros2_ws/install/robot_patrol/lib/python3.10/site-packages'
[11.442s] Level 1:colcon.colcon_core.environment:checking '/home/user/ros2_ws/install/robot_patrol/bin'
[11.444s] INFO:colcon.colcon_core.shell:Creating package script '/home/user/ros2_ws/install/robot_patrol/share/robot_patrol/package.ps1'
[11.445s] INFO:colcon.colcon_core.shell:Creating package descriptor '/home/user/ros2_ws/install/robot_patrol/share/robot_patrol/package.dsv'
[11.445s] INFO:colcon.colcon_core.shell:Creating package script '/home/user/ros2_ws/install/robot_patrol/share/robot_patrol/package.sh'
[11.446s] INFO:colcon.colcon_core.shell:Creating package script '/home/user/ros2_ws/install/robot_patrol/share/robot_patrol/package.bash'
[11.447s] INFO:colcon.colcon_core.shell:Creating package script '/home/user/ros2_ws/install/robot_patrol/share/robot_patrol/package.zsh'
[11.448s] Level 1:colcon.colcon_core.environment:create_file_with_runtime_dependencies(/home/user/ros2_ws/install/robot_patrol/share/colcon-core/packages/robot_patrol)
[11.503s] Level 1:colcon.colcon_core.environment:create_environment_scripts_only(robot_patrol)
[11.505s] Level 1:colcon.colcon_core.environment:checking '/home/user/ros2_ws/install/robot_patrol' for CMake module files
[11.506s] Level 1:colcon.colcon_core.environment:checking '/home/user/ros2_ws/install/robot_patrol' for CMake config files
[11.506s] Level 1:colcon.colcon_core.shell:create_environment_hook('robot_patrol', 'cmake_prefix_path')
[11.508s] INFO:colcon.colcon_core.shell:Creating environment hook '/home/user/ros2_ws/install/robot_patrol/share/robot_patrol/hook/cmake_prefix_path.ps1'
[11.508s] INFO:colcon.colcon_core.shell:Creating environment descriptor '/home/user/ros2_ws/install/robot_patrol/share/robot_patrol/hook/cmake_prefix_path.dsv'
[11.508s] INFO:colcon.colcon_core.shell:Creating environment hook '/home/user/ros2_ws/install/robot_patrol/share/robot_patrol/hook/cmake_prefix_path.sh'
[11.509s] Level 1:colcon.colcon_core.environment:checking '/home/user/ros2_ws/install/robot_patrol/lib'
[11.509s] Level 1:colcon.colcon_core.environment:checking '/home/user/ros2_ws/install/robot_patrol/bin'
[11.509s] Level 1:colcon.colcon_core.environment:checking '/home/user/ros2_ws/install/robot_patrol/lib/pkgconfig/robot_patrol.pc'
[11.510s] Level 1:colcon.colcon_core.environment:checking '/home/user/ros2_ws/install/robot_patrol/lib/python3.10/site-packages'
[11.510s] Level 1:colcon.colcon_core.environment:checking '/home/user/ros2_ws/install/robot_patrol/bin'
[11.511s] INFO:colcon.colcon_core.shell:Creating package script '/home/user/ros2_ws/install/robot_patrol/share/robot_patrol/package.ps1'
[11.512s] INFO:colcon.colcon_core.shell:Creating package descriptor '/home/user/ros2_ws/install/robot_patrol/share/robot_patrol/package.dsv'
[11.512s] INFO:colcon.colcon_core.shell:Creating package script '/home/user/ros2_ws/install/robot_patrol/share/robot_patrol/package.sh'
[11.513s] INFO:colcon.colcon_core.shell:Creating package script '/home/user/ros2_ws/install/robot_patrol/share/robot_patrol/package.bash'
[11.513s] INFO:colcon.colcon_core.shell:Creating package script '/home/user/ros2_ws/install/robot_patrol/share/robot_patrol/package.zsh'
[11.514s] Level 1:colcon.colcon_core.environment:create_file_with_runtime_dependencies(/home/user/ros2_ws/install/robot_patrol/share/colcon-core/packages/robot_patrol)
[11.514s] DEBUG:colcon.colcon_parallel_executor.executor.parallel:closing loop
[11.515s] DEBUG:colcon.colcon_parallel_executor.executor.parallel:loop closed
[11.515s] DEBUG:colcon.colcon_parallel_executor.executor.parallel:run_until_complete finished with '0'
[11.515s] DEBUG:colcon.colcon_core.event_reactor:joining thread
[11.522s] INFO:colcon.colcon_core.plugin_system:Skipping extension 'colcon_notification.desktop_notification.notify_send': Could not find 'notify-send'
[11.522s] INFO:colcon.colcon_core.plugin_system:Skipping extension 'colcon_notification.desktop_notification.terminal_notifier': Not used on non-Darwin systems
[11.522s] INFO:colcon.colcon_core.plugin_system:Skipping extension 'colcon_notification.desktop_notification.win32': Not used on non-Windows systems
[11.522s] INFO:colcon.colcon_notification.desktop_notification:Sending desktop notification using 'notify2'
[11.524s] DEBUG:colcon.colcon_notification.desktop_notification.notify2:Failed to initialize notify2: org.freedesktop.DBus.Error.Spawn.ExecFailed: /usr/bin/dbus-launch terminated abnormally without any error message
[11.525s] DEBUG:colcon.colcon_core.event_reactor:joined thread
[11.527s] INFO:colcon.colcon_core.shell:Creating prefix script '/home/user/ros2_ws/install/local_setup.ps1'
[11.528s] INFO:colcon.colcon_core.shell:Creating prefix util module '/home/user/ros2_ws/install/_local_setup_util_ps1.py'
[11.529s] INFO:colcon.colcon_core.shell:Creating prefix chain script '/home/user/ros2_ws/install/setup.ps1'
[11.533s] INFO:colcon.colcon_core.shell:Creating prefix script '/home/user/ros2_ws/install/local_setup.sh'
[11.533s] INFO:colcon.colcon_core.shell:Creating prefix util module '/home/user/ros2_ws/install/_local_setup_util_sh.py'
[11.534s] INFO:colcon.colcon_core.shell:Creating prefix chain script '/home/user/ros2_ws/install/setup.sh'
[11.537s] INFO:colcon.colcon_core.shell:Creating prefix script '/home/user/ros2_ws/install/local_setup.bash'
[11.538s] INFO:colcon.colcon_core.shell:Creating prefix chain script '/home/user/ros2_ws/install/setup.bash'
[11.541s] INFO:colcon.colcon_core.shell:Creating prefix script '/home/user/ros2_ws/install/local_setup.zsh'
[11.542s] INFO:colcon.colcon_core.shell:Creating prefix chain script '/home/user/ros2_ws/install/setup.zsh'
