[9.788s] DEBUG:colcon:Command line arguments: ['/usr/bin/colcon', 'build']
[9.788s] DEBUG:colcon:Parsed command line arguments: Namespace(log_base=None, log_level=None, verb_name='build', build_base='build', install_base='install', merge_install=False, symlink_install=False, test_result_base=None, continue_on_error=False, executor='parallel', parallel_workers=8, event_handlers=None, ignore_user_meta=False, metas=['./colcon.meta'], base_paths=['.'], packages_ignore=None, packages_ignore_regex=None, paths=None, packages_up_to=None, packages_up_to_regex=None, packages_above=None, packages_above_and_dependencies=None, packages_above_depth=None, packages_select_by_dep=None, packages_skip_by_dep=None, packages_skip_up_to=None, packages_select_build_failed=False, packages_skip_build_finished=False, packages_select_test_failures=False, packages_skip_test_passed=False, packages_select=None, packages_skip=None, packages_select_regex=None, packages_skip_regex=None, packages_start=None, packages_end=None, lookup_in_workspace=False, cargo_args=None, clean_build=False, cmake_args=None, cmake_target=None, cmake_target_skip_unavailable=False, cmake_clean_cache=False, cmake_clean_first=False, cmake_force_configure=False, ament_cmake_args=None, catkin_cmake_args=None, catkin_skip_building_tests=False, mixin_files=None, mixin=None, verb_parser=<colcon_mixin.mixin.mixin_argument.MixinArgumentDecorator object at 0x7f6e689ef970>, verb_extension=<colcon_core.verb.build.BuildVerb object at 0x7f6e6895caf0>, main=<bound method BuildVerb.main of <colcon_core.verb.build.BuildVerb object at 0x7f6e6895caf0>>, mixin_verb=('build',))
[10.787s] Level 1:colcon.colcon_core.package_discovery:discover_packages(colcon_meta) check parameters
[10.787s] Level 1:colcon.colcon_core.package_discovery:discover_packages(recursive) check parameters
[10.787s] Level 1:colcon.colcon_core.package_discovery:discover_packages(ignore) check parameters
[10.787s] Level 1:colcon.colcon_core.package_discovery:discover_packages(path) check parameters
[10.787s] Level 1:colcon.colcon_core.package_discovery:discover_packages(colcon_meta) discover
[10.787s] Level 1:colcon.colcon_core.package_discovery:discover_packages(recursive) discover
[10.787s] INFO:colcon.colcon_core.package_discovery:Crawling recursively for packages in '/home/user/ros2_ws'
[10.788s] Level 1:colcon.colcon_core.package_identification:_identify(.) by extensions ['ignore', 'ignore_ament_install']
[10.788s] Level 1:colcon.colcon_core.package_identification:_identify(.) by extension 'ignore'
[10.788s] Level 1:colcon.colcon_core.package_identification:_identify(.) by extension 'ignore_ament_install'
[10.788s] Level 1:colcon.colcon_core.package_identification:_identify(.) by extensions ['colcon_pkg']
[10.788s] Level 1:colcon.colcon_core.package_identification:_identify(.) by extension 'colcon_pkg'
[10.788s] Level 1:colcon.colcon_core.package_identification:_identify(.) by extensions ['colcon_meta']
[10.788s] Level 1:colcon.colcon_core.package_identification:_identify(.) by extension 'colcon_meta'
[10.788s] Level 1:colcon.colcon_core.package_identification:_identify(.) by extensions ['ament_cargo']
[10.788s] Level 1:colcon.colcon_core.package_identification:_identify(.) by extension 'ament_cargo'
[10.788s] Level 1:colcon.colcon_core.package_identification:_identify(.) by extensions ['ros']
[10.788s] Level 1:colcon.colcon_core.package_identification:_identify(.) by extension 'ros'
[10.810s] Level 1:colcon.colcon_core.package_identification:_identify(.) by extensions ['cargo', 'cmake', 'python']
[10.810s] Level 1:colcon.colcon_core.package_identification:_identify(.) by extension 'cargo'
[10.810s] Level 1:colcon.colcon_core.package_identification:_identify(.) by extension 'cmake'
[10.810s] Level 1:colcon.colcon_core.package_identification:_identify(.) by extension 'python'
[10.810s] Level 1:colcon.colcon_core.package_identification:_identify(.) by extensions ['python_setup_py']
[10.810s] Level 1:colcon.colcon_core.package_identification:_identify(.) by extension 'python_setup_py'
[10.810s] Level 1:colcon.colcon_core.package_identification:_identify(build) by extensions ['ignore', 'ignore_ament_install']
[10.810s] Level 1:colcon.colcon_core.package_identification:_identify(build) by extension 'ignore'
[10.810s] Level 1:colcon.colcon_core.package_identification:_identify(build) ignored
[10.810s] Level 1:colcon.colcon_core.package_identification:_identify(install) by extensions ['ignore', 'ignore_ament_install']
[10.810s] Level 1:colcon.colcon_core.package_identification:_identify(install) by extension 'ignore'
[10.810s] Level 1:colcon.colcon_core.package_identification:_identify(install) ignored
[10.811s] Level 1:colcon.colcon_core.package_identification:_identify(log) by extensions ['ignore', 'ignore_ament_install']
[10.811s] Level 1:colcon.colcon_core.package_identification:_identify(log) by extension 'ignore'
[10.811s] Level 1:colcon.colcon_core.package_identification:_identify(log) ignored
[10.811s] Level 1:colcon.colcon_core.package_identification:_identify(src) by extensions ['ignore', 'ignore_ament_install']
[10.811s] Level 1:colcon.colcon_core.package_identification:_identify(src) by extension 'ignore'
[10.811s] Level 1:colcon.colcon_core.package_identification:_identify(src) by extension 'ignore_ament_install'
[10.811s] Level 1:colcon.colcon_core.package_identification:_identify(src) by extensions ['colcon_pkg']
[10.811s] Level 1:colcon.colcon_core.package_identification:_identify(src) by extension 'colcon_pkg'
[10.811s] Level 1:colcon.colcon_core.package_identification:_identify(src) by extensions ['colcon_meta']
[10.811s] Level 1:colcon.colcon_core.package_identification:_identify(src) by extension 'colcon_meta'
[10.811s] Level 1:colcon.colcon_core.package_identification:_identify(src) by extensions ['ament_cargo']
[10.811s] Level 1:colcon.colcon_core.package_identification:_identify(src) by extension 'ament_cargo'
[10.811s] Level 1:colcon.colcon_core.package_identification:_identify(src) by extensions ['ros']
[10.811s] Level 1:colcon.colcon_core.package_identification:_identify(src) by extension 'ros'
[10.811s] Level 1:colcon.colcon_core.package_identification:_identify(src) by extensions ['cargo', 'cmake', 'python']
[10.812s] Level 1:colcon.colcon_core.package_identification:_identify(src) by extension 'cargo'
[10.812s] Level 1:colcon.colcon_core.package_identification:_identify(src) by extension 'cmake'
[10.812s] Level 1:colcon.colcon_core.package_identification:_identify(src) by extension 'python'
[10.812s] Level 1:colcon.colcon_core.package_identification:_identify(src) by extensions ['python_setup_py']
[10.812s] Level 1:colcon.colcon_core.package_identification:_identify(src) by extension 'python_setup_py'
[10.812s] Level 1:colcon.colcon_core.package_identification:_identify(src/robot_patrol) by extensions ['ignore', 'ignore_ament_install']
[10.812s] Level 1:colcon.colcon_core.package_identification:_identify(src/robot_patrol) by extension 'ignore'
[10.812s] Level 1:colcon.colcon_core.package_identification:_identify(src/robot_patrol) by extension 'ignore_ament_install'
[10.812s] Level 1:colcon.colcon_core.package_identification:_identify(src/robot_patrol) by extensions ['colcon_pkg']
[10.812s] Level 1:colcon.colcon_core.package_identification:_identify(src/robot_patrol) by extension 'colcon_pkg'
[10.812s] Level 1:colcon.colcon_core.package_identification:_identify(src/robot_patrol) by extensions ['colcon_meta']
[10.812s] Level 1:colcon.colcon_core.package_identification:_identify(src/robot_patrol) by extension 'colcon_meta'
[10.812s] Level 1:colcon.colcon_core.package_identification:_identify(src/robot_patrol) by extensions ['ament_cargo']
[10.812s] Level 1:colcon.colcon_core.package_identification:_identify(src/robot_patrol) by extension 'ament_cargo'
[10.812s] Level 1:colcon.colcon_core.package_identification:_identify(src/robot_patrol) by extensions ['ros']
[10.812s] Level 1:colcon.colcon_core.package_identification:_identify(src/robot_patrol) by extension 'ros'
[10.815s] DEBUG:colcon.colcon_core.package_identification:Package 'src/robot_patrol' with type 'ros.ament_cmake' and name 'robot_patrol'
[10.815s] Level 1:colcon.colcon_core.package_discovery:discover_packages(recursive) using defaults
[10.815s] Level 1:colcon.colcon_core.package_discovery:discover_packages(ignore) discover
[10.815s] Level 1:colcon.colcon_core.package_discovery:discover_packages(ignore) using defaults
[10.815s] Level 1:colcon.colcon_core.package_discovery:discover_packages(path) discover
[10.815s] Level 1:colcon.colcon_core.package_discovery:discover_packages(path) using defaults
[10.962s] Level 5:colcon.colcon_core.verb:set package 'robot_patrol' build argument 'lookup_in_workspace' from command line to 'False'
[10.963s] Level 5:colcon.colcon_core.verb:set package 'robot_patrol' build argument 'cargo_args' from command line to 'None'
[10.963s] Level 5:colcon.colcon_core.verb:set package 'robot_patrol' build argument 'clean_build' from command line to 'False'
[10.963s] Level 5:colcon.colcon_core.verb:set package 'robot_patrol' build argument 'cmake_args' from command line to 'None'
[10.963s] Level 5:colcon.colcon_core.verb:set package 'robot_patrol' build argument 'cmake_target' from command line to 'None'
[10.963s] Level 5:colcon.colcon_core.verb:set package 'robot_patrol' build argument 'cmake_target_skip_unavailable' from command line to 'False'
[10.963s] Level 5:colcon.colcon_core.verb:set package 'robot_patrol' build argument 'cmake_clean_cache' from command line to 'False'
[10.963s] Level 5:colcon.colcon_core.verb:set package 'robot_patrol' build argument 'cmake_clean_first' from command line to 'False'
[10.963s] Level 5:colcon.colcon_core.verb:set package 'robot_patrol' build argument 'cmake_force_configure' from command line to 'False'
[10.963s] Level 5:colcon.colcon_core.verb:set package 'robot_patrol' build argument 'ament_cmake_args' from command line to 'None'
[10.963s] Level 5:colcon.colcon_core.verb:set package 'robot_patrol' build argument 'catkin_cmake_args' from command line to 'None'
[10.963s] Level 5:colcon.colcon_core.verb:set package 'robot_patrol' build argument 'catkin_skip_building_tests' from command line to 'False'
[10.963s] DEBUG:colcon.colcon_core.verb:Building package 'robot_patrol' with the following arguments: {'ament_cmake_args': None, 'build_base': '/home/user/ros2_ws/build/robot_patrol', 'cargo_args': None, 'catkin_cmake_args': None, 'catkin_skip_building_tests': False, 'clean_build': False, 'cmake_args': None, 'cmake_clean_cache': False, 'cmake_clean_first': False, 'cmake_force_configure': False, 'cmake_target': None, 'cmake_target_skip_unavailable': False, 'install_base': '/home/user/ros2_ws/install/robot_patrol', 'lookup_in_workspace': False, 'merge_install': False, 'path': '/home/user/ros2_ws/src/robot_patrol', 'symlink_install': False, 'test_result_base': None}
[10.964s] INFO:colcon.colcon_core.executor:Executing jobs using 'parallel' executor
[10.987s] DEBUG:colcon.colcon_parallel_executor.executor.parallel:run_until_complete
[10.988s] INFO:colcon.colcon_ros.task.ament_cmake.build:Building ROS package in '/home/user/ros2_ws/src/robot_patrol' with build type 'ament_cmake'
[10.988s] INFO:colcon.colcon_cmake.task.cmake.build:Building CMake package in '/home/user/ros2_ws/src/robot_patrol'
[11.018s] INFO:colcon.colcon_core.plugin_system:Skipping extension 'colcon_core.shell.bat': Not used on non-Windows systems
[11.018s] INFO:colcon.colcon_core.shell:Skip shell extension 'powershell' for command environment: Not usable outside of PowerShell
[11.018s] DEBUG:colcon.colcon_core.shell:Skip shell extension 'dsv' for command environment
[11.044s] DEBUG:colcon.colcon_core.event_handler.log_command:Invoking command in '/home/user/ros2_ws/build/robot_patrol': CMAKE_PREFIX_PATH=${CMAKE_PREFIX_PATH}:/home/simulations/ros2_sims_ws/install/rclrs_tests:/home/simulations/ros2_sims_ws/install/examples_rclrs_minimal_client_service:/home/simulations/ros2_sims_ws/install/sensor_msgs_py:/home/simulations/ros2_sims_ws/install/examples_rclrs_minimal_pub_sub:/home/simulations/ros2_sims_ws/install/examples_rclrs_message_demo:/home/simulations/ros2_sims_ws/install/rclrs:/home/simulations/ros2_sims_ws/install/rosidl_runtime_rs:/opt/ros/humble _=/usr/bin/env /usr/bin/cmake /home/user/ros2_ws/src/robot_patrol -DCMAKE_INSTALL_PREFIX=/home/user/ros2_ws/install/robot_patrol
[23.792s] DEBUG:colcon.colcon_core.event_handler.log_command:Invoked command in '/home/user/ros2_ws/build/robot_patrol' returned '0': CMAKE_PREFIX_PATH=${CMAKE_PREFIX_PATH}:/home/simulations/ros2_sims_ws/install/rclrs_tests:/home/simulations/ros2_sims_ws/install/examples_rclrs_minimal_client_service:/home/simulations/ros2_sims_ws/install/sensor_msgs_py:/home/simulations/ros2_sims_ws/install/examples_rclrs_minimal_pub_sub:/home/simulations/ros2_sims_ws/install/examples_rclrs_message_demo:/home/simulations/ros2_sims_ws/install/rclrs:/home/simulations/ros2_sims_ws/install/rosidl_runtime_rs:/opt/ros/humble _=/usr/bin/env /usr/bin/cmake /home/user/ros2_ws/src/robot_patrol -DCMAKE_INSTALL_PREFIX=/home/user/ros2_ws/install/robot_patrol
[23.793s] DEBUG:colcon.colcon_core.event_handler.log_command:Invoking command in '/home/user/ros2_ws/build/robot_patrol': CMAKE_PREFIX_PATH=${CMAKE_PREFIX_PATH}:/home/simulations/ros2_sims_ws/install/rclrs_tests:/home/simulations/ros2_sims_ws/install/examples_rclrs_minimal_client_service:/home/simulations/ros2_sims_ws/install/sensor_msgs_py:/home/simulations/ros2_sims_ws/install/examples_rclrs_minimal_pub_sub:/home/simulations/ros2_sims_ws/install/examples_rclrs_message_demo:/home/simulations/ros2_sims_ws/install/rclrs:/home/simulations/ros2_sims_ws/install/rosidl_runtime_rs:/opt/ros/humble _=/usr/bin/env /usr/bin/cmake --build /home/user/ros2_ws/build/robot_patrol -- -j8 -l8
[23.917s] DEBUG:colcon.colcon_core.event_handler.log_command:Invoked command in '/home/user/ros2_ws/build/robot_patrol' returned '0': CMAKE_PREFIX_PATH=${CMAKE_PREFIX_PATH}:/home/simulations/ros2_sims_ws/install/rclrs_tests:/home/simulations/ros2_sims_ws/install/examples_rclrs_minimal_client_service:/home/simulations/ros2_sims_ws/install/sensor_msgs_py:/home/simulations/ros2_sims_ws/install/examples_rclrs_minimal_pub_sub:/home/simulations/ros2_sims_ws/install/examples_rclrs_message_demo:/home/simulations/ros2_sims_ws/install/rclrs:/home/simulations/ros2_sims_ws/install/rosidl_runtime_rs:/opt/ros/humble _=/usr/bin/env /usr/bin/cmake --build /home/user/ros2_ws/build/robot_patrol -- -j8 -l8
[24.036s] DEBUG:colcon.colcon_core.event_handler.log_command:Invoking command in '/home/user/ros2_ws/build/robot_patrol': CMAKE_PREFIX_PATH=${CMAKE_PREFIX_PATH}:/home/simulations/ros2_sims_ws/install/rclrs_tests:/home/simulations/ros2_sims_ws/install/examples_rclrs_minimal_client_service:/home/simulations/ros2_sims_ws/install/sensor_msgs_py:/home/simulations/ros2_sims_ws/install/examples_rclrs_minimal_pub_sub:/home/simulations/ros2_sims_ws/install/examples_rclrs_message_demo:/home/simulations/ros2_sims_ws/install/rclrs:/home/simulations/ros2_sims_ws/install/rosidl_runtime_rs:/opt/ros/humble _=/usr/bin/env /usr/bin/cmake --install /home/user/ros2_ws/build/robot_patrol
[24.064s] Level 1:colcon.colcon_core.environment:create_environment_scripts_only(robot_patrol)
[24.065s] DEBUG:colcon.colcon_core.event_handler.log_command:Invoked command in '/home/user/ros2_ws/build/robot_patrol' returned '0': CMAKE_PREFIX_PATH=${CMAKE_PREFIX_PATH}:/home/simulations/ros2_sims_ws/install/rclrs_tests:/home/simulations/ros2_sims_ws/install/examples_rclrs_minimal_client_service:/home/simulations/ros2_sims_ws/install/sensor_msgs_py:/home/simulations/ros2_sims_ws/install/examples_rclrs_minimal_pub_sub:/home/simulations/ros2_sims_ws/install/examples_rclrs_message_demo:/home/simulations/ros2_sims_ws/install/rclrs:/home/simulations/ros2_sims_ws/install/rosidl_runtime_rs:/opt/ros/humble _=/usr/bin/env /usr/bin/cmake --install /home/user/ros2_ws/build/robot_patrol
[24.082s] Level 1:colcon.colcon_core.environment:checking '/home/user/ros2_ws/install/robot_patrol' for CMake module files
[24.082s] Level 1:colcon.colcon_core.environment:checking '/home/user/ros2_ws/install/robot_patrol' for CMake config files
[24.083s] Level 1:colcon.colcon_core.shell:create_environment_hook('robot_patrol', 'cmake_prefix_path')
[24.084s] INFO:colcon.colcon_core.shell:Creating environment hook '/home/user/ros2_ws/install/robot_patrol/share/robot_patrol/hook/cmake_prefix_path.ps1'
[24.086s] INFO:colcon.colcon_core.shell:Creating environment descriptor '/home/user/ros2_ws/install/robot_patrol/share/robot_patrol/hook/cmake_prefix_path.dsv'
[24.087s] INFO:colcon.colcon_core.shell:Creating environment hook '/home/user/ros2_ws/install/robot_patrol/share/robot_patrol/hook/cmake_prefix_path.sh'
[24.088s] Level 1:colcon.colcon_core.environment:checking '/home/user/ros2_ws/install/robot_patrol/bin'
[24.088s] Level 1:colcon.colcon_core.environment:checking '/home/user/ros2_ws/install/robot_patrol/lib/pkgconfig/robot_patrol.pc'
[24.091s] Level 1:colcon.colcon_core.environment:checking '/home/user/ros2_ws/install/robot_patrol/lib/python3.10/site-packages'
[24.091s] Level 1:colcon.colcon_core.environment:checking '/home/user/ros2_ws/install/robot_patrol/bin'
[24.093s] INFO:colcon.colcon_core.shell:Creating package script '/home/user/ros2_ws/install/robot_patrol/share/robot_patrol/package.ps1'
[24.094s] INFO:colcon.colcon_core.shell:Creating package descriptor '/home/user/ros2_ws/install/robot_patrol/share/robot_patrol/package.dsv'
[24.095s] INFO:colcon.colcon_core.shell:Creating package script '/home/user/ros2_ws/install/robot_patrol/share/robot_patrol/package.sh'
[24.097s] INFO:colcon.colcon_core.shell:Creating package script '/home/user/ros2_ws/install/robot_patrol/share/robot_patrol/package.bash'
[24.099s] INFO:colcon.colcon_core.shell:Creating package script '/home/user/ros2_ws/install/robot_patrol/share/robot_patrol/package.zsh'
[24.100s] Level 1:colcon.colcon_core.environment:create_file_with_runtime_dependencies(/home/user/ros2_ws/install/robot_patrol/share/colcon-core/packages/robot_patrol)
[24.184s] Level 1:colcon.colcon_core.environment:create_environment_scripts_only(robot_patrol)
[24.188s] Level 1:colcon.colcon_core.environment:checking '/home/user/ros2_ws/install/robot_patrol' for CMake module files
[24.189s] Level 1:colcon.colcon_core.environment:checking '/home/user/ros2_ws/install/robot_patrol' for CMake config files
[24.190s] Level 1:colcon.colcon_core.shell:create_environment_hook('robot_patrol', 'cmake_prefix_path')
[24.193s] INFO:colcon.colcon_core.shell:Creating environment hook '/home/user/ros2_ws/install/robot_patrol/share/robot_patrol/hook/cmake_prefix_path.ps1'
[24.194s] INFO:colcon.colcon_core.shell:Creating environment descriptor '/home/user/ros2_ws/install/robot_patrol/share/robot_patrol/hook/cmake_prefix_path.dsv'
[24.194s] INFO:colcon.colcon_core.shell:Creating environment hook '/home/user/ros2_ws/install/robot_patrol/share/robot_patrol/hook/cmake_prefix_path.sh'
[24.196s] Level 1:colcon.colcon_core.environment:checking '/home/user/ros2_ws/install/robot_patrol/bin'
[24.196s] Level 1:colcon.colcon_core.environment:checking '/home/user/ros2_ws/install/robot_patrol/lib/pkgconfig/robot_patrol.pc'
[24.196s] Level 1:colcon.colcon_core.environment:checking '/home/user/ros2_ws/install/robot_patrol/lib/python3.10/site-packages'
[24.198s] Level 1:colcon.colcon_core.environment:checking '/home/user/ros2_ws/install/robot_patrol/bin'
[24.202s] INFO:colcon.colcon_core.shell:Creating package script '/home/user/ros2_ws/install/robot_patrol/share/robot_patrol/package.ps1'
[24.204s] INFO:colcon.colcon_core.shell:Creating package descriptor '/home/user/ros2_ws/install/robot_patrol/share/robot_patrol/package.dsv'
[24.206s] INFO:colcon.colcon_core.shell:Creating package script '/home/user/ros2_ws/install/robot_patrol/share/robot_patrol/package.sh'
[24.207s] INFO:colcon.colcon_core.shell:Creating package script '/home/user/ros2_ws/install/robot_patrol/share/robot_patrol/package.bash'
[24.208s] INFO:colcon.colcon_core.shell:Creating package script '/home/user/ros2_ws/install/robot_patrol/share/robot_patrol/package.zsh'
[24.210s] Level 1:colcon.colcon_core.environment:create_file_with_runtime_dependencies(/home/user/ros2_ws/install/robot_patrol/share/colcon-core/packages/robot_patrol)
[24.211s] DEBUG:colcon.colcon_parallel_executor.executor.parallel:closing loop
[24.213s] DEBUG:colcon.colcon_parallel_executor.executor.parallel:loop closed
[24.213s] DEBUG:colcon.colcon_parallel_executor.executor.parallel:run_until_complete finished with '0'
[24.213s] DEBUG:colcon.colcon_core.event_reactor:joining thread
[24.296s] INFO:colcon.colcon_core.plugin_system:Skipping extension 'colcon_notification.desktop_notification.notify_send': Could not find 'notify-send'
[24.296s] INFO:colcon.colcon_core.plugin_system:Skipping extension 'colcon_notification.desktop_notification.terminal_notifier': Not used on non-Darwin systems
[24.296s] INFO:colcon.colcon_core.plugin_system:Skipping extension 'colcon_notification.desktop_notification.win32': Not used on non-Windows systems
[24.296s] INFO:colcon.colcon_notification.desktop_notification:Sending desktop notification using 'notify2'
[24.301s] DEBUG:colcon.colcon_notification.desktop_notification.notify2:Failed to initialize notify2: org.freedesktop.DBus.Error.Spawn.ExecFailed: /usr/bin/dbus-launch terminated abnormally without any error message
[24.301s] DEBUG:colcon.colcon_core.event_reactor:joined thread
[24.303s] INFO:colcon.colcon_core.shell:Creating prefix script '/home/user/ros2_ws/install/local_setup.ps1'
[24.305s] INFO:colcon.colcon_core.shell:Creating prefix util module '/home/user/ros2_ws/install/_local_setup_util_ps1.py'
[24.307s] INFO:colcon.colcon_core.shell:Creating prefix chain script '/home/user/ros2_ws/install/setup.ps1'
[24.311s] INFO:colcon.colcon_core.shell:Creating prefix script '/home/user/ros2_ws/install/local_setup.sh'
[24.312s] INFO:colcon.colcon_core.shell:Creating prefix util module '/home/user/ros2_ws/install/_local_setup_util_sh.py'
[24.313s] INFO:colcon.colcon_core.shell:Creating prefix chain script '/home/user/ros2_ws/install/setup.sh'
[24.317s] INFO:colcon.colcon_core.shell:Creating prefix script '/home/user/ros2_ws/install/local_setup.bash'
[24.318s] INFO:colcon.colcon_core.shell:Creating prefix chain script '/home/user/ros2_ws/install/setup.bash'
[24.322s] INFO:colcon.colcon_core.shell:Creating prefix script '/home/user/ros2_ws/install/local_setup.zsh'
[24.323s] INFO:colcon.colcon_core.shell:Creating prefix chain script '/home/user/ros2_ws/install/setup.zsh'
