-- Found ament_cmake: 1.3.4 (/opt/ros/humble/share/ament_cmake/cmake)
-- Found rclcpp: 16.0.4 (/opt/ros/humble/share/rclcpp/cmake)
-- Found rosidl_generator_c: 3.1.4 (/opt/ros/humble/share/rosidl_generator_c/cmake)
-- Found rosidl_adapter: 3.1.4 (/opt/ros/humble/share/rosidl_adapter/cmake)
-- Found rosidl_generator_cpp: 3.1.4 (/opt/ros/humble/share/rosidl_generator_cpp/cmake)
-- Using all available rosidl_typesupport_c: rosidl_typesupport_fastrtps_c;rosidl_typesupport_introspection_c
-- Using all available rosidl_typesupport_cpp: rosidl_typesupport_fastrtps_cpp;rosidl_typesupport_introspection_cpp
-- Found rmw_implementation_cmake: 6.1.1 (/opt/ros/humble/share/rmw_implementation_cmake/cmake)
-- Found rmw_fastrtps_cpp: 6.2.2 (/opt/ros/humble/share/rmw_fastrtps_cpp/cmake)
-- Using RMW implementation 'rmw_fastrtps_cpp' as default
-- Found sensor_msgs: 4.2.3 (/home/simulations/ros2_sims_ws/install/sensor_msgs/share/sensor_msgs/cmake)
-- Configuring done
-- Generating done
-- Build files have been written to: /home/user/ros2_ws/build/robot_patrol
[ 50%] [32mBuilding CXX object CMakeFiles/patrol.dir/src/patrol.cpp.o[0m
[100%] [32m[1mLinking CXX executable patrol[0m
[100%] Built target patrol
-- Install configuration: ""
-- Installing: /home/user/ros2_ws/install/robot_patrol/lib/robot_patrol/patrol
-- Set runtime path of "/home/user/ros2_ws/install/robot_patrol/lib/robot_patrol/patrol" to ""
-- Up-to-date: /home/user/ros2_ws/install/robot_patrol/share/robot_patrol//launch
-- Up-to-date: /home/user/ros2_ws/install/robot_patrol/share/robot_patrol//launch/start_patrolling.launch.py
-- Up-to-date: /home/user/ros2_ws/install/robot_patrol/share/ament_index/resource_index/package_run_dependencies/robot_patrol
-- Installing: /home/user/ros2_ws/install/robot_patrol/share/ament_index/resource_index/parent_prefix_path/robot_patrol
-- Up-to-date: /home/user/ros2_ws/install/robot_patrol/share/robot_patrol/environment/ament_prefix_path.sh
-- Installing: /home/user/ros2_ws/install/robot_patrol/share/robot_patrol/environment/ament_prefix_path.dsv
-- Up-to-date: /home/user/ros2_ws/install/robot_patrol/share/robot_patrol/environment/path.sh
-- Installing: /home/user/ros2_ws/install/robot_patrol/share/robot_patrol/environment/path.dsv
-- Up-to-date: /home/user/ros2_ws/install/robot_patrol/share/robot_patrol/local_setup.bash
-- Up-to-date: /home/user/ros2_ws/install/robot_patrol/share/robot_patrol/local_setup.sh
-- Up-to-date: /home/user/ros2_ws/install/robot_patrol/share/robot_patrol/local_setup.zsh
-- Installing: /home/user/ros2_ws/install/robot_patrol/share/robot_patrol/local_setup.dsv
-- Installing: /home/user/ros2_ws/install/robot_patrol/share/robot_patrol/package.dsv
-- Up-to-date: /home/user/ros2_ws/install/robot_patrol/share/ament_index/resource_index/packages/robot_patrol
-- Up-to-date: /home/user/ros2_ws/install/robot_patrol/share/robot_patrol/cmake/robot_patrolConfig.cmake
-- Up-to-date: /home/user/ros2_ws/install/robot_patrol/share/robot_patrol/cmake/robot_patrolConfig-version.cmake
-- Up-to-date: /home/user/ros2_ws/install/robot_patrol/share/robot_patrol/package.xml
