[0.028s] Invoking command in '/home/user/ros2_ws/build/robot_patrol': CMAKE_PREFIX_PATH=${CMAKE_PREFIX_PATH}:/home/simulations/ros2_sims_ws/install/rclrs_tests:/home/simulations/ros2_sims_ws/install/examples_rclrs_minimal_client_service:/home/simulations/ros2_sims_ws/install/sensor_msgs_py:/home/simulations/ros2_sims_ws/install/examples_rclrs_minimal_pub_sub:/home/simulations/ros2_sims_ws/install/examples_rclrs_message_demo:/home/simulations/ros2_sims_ws/install/rclrs:/home/simulations/ros2_sims_ws/install/rosidl_runtime_rs:/opt/ros/humble _=/usr/bin/env /usr/bin/cmake --build /home/user/ros2_ws/build/robot_patrol -- -j8 -l8
[0.110s] -- Found ament_cmake: 1.3.4 (/opt/ros/humble/share/ament_cmake/cmake)
[0.388s] -- Found rclcpp: 16.0.4 (/opt/ros/humble/share/rclcpp/cmake)
[0.436s] -- Found rosidl_generator_c: 3.1.4 (/opt/ros/humble/share/rosidl_generator_c/cmake)
[0.440s] -- Found rosidl_adapter: 3.1.4 (/opt/ros/humble/share/rosidl_adapter/cmake)
[0.451s] -- Found rosidl_generator_cpp: 3.1.4 (/opt/ros/humble/share/rosidl_generator_cpp/cmake)
[0.475s] -- Using all available rosidl_typesupport_c: rosidl_typesupport_fastrtps_c;rosidl_typesupport_introspection_c
[0.504s] -- Using all available rosidl_typesupport_cpp: rosidl_typesupport_fastrtps_cpp;rosidl_typesupport_introspection_cpp
[0.611s] -- Found rmw_implementation_cmake: 6.1.1 (/opt/ros/humble/share/rmw_implementation_cmake/cmake)
[0.615s] -- Found rmw_fastrtps_cpp: 6.2.2 (/opt/ros/humble/share/rmw_fastrtps_cpp/cmake)
[0.951s] -- Using RMW implementation 'rmw_fastrtps_cpp' as default
[1.264s] -- Found sensor_msgs: 4.2.3 (/home/simulations/ros2_sims_ws/install/sensor_msgs/share/sensor_msgs/cmake)
[1.640s] -- Configuring done
[1.655s] -- Generating done
[1.657s] -- Build files have been written to: /home/user/ros2_ws/build/robot_patrol
[1.745s] [ 50%] [32mBuilding CXX object CMakeFiles/patrol.dir/src/patrol.cpp.o[0m
[15.440s] [100%] [32m[1mLinking CXX executable patrol[0m
[15.967s] [100%] Built target patrol
[15.995s] Invoked command in '/home/user/ros2_ws/build/robot_patrol' returned '0': CMAKE_PREFIX_PATH=${CMAKE_PREFIX_PATH}:/home/simulations/ros2_sims_ws/install/rclrs_tests:/home/simulations/ros2_sims_ws/install/examples_rclrs_minimal_client_service:/home/simulations/ros2_sims_ws/install/sensor_msgs_py:/home/simulations/ros2_sims_ws/install/examples_rclrs_minimal_pub_sub:/home/simulations/ros2_sims_ws/install/examples_rclrs_message_demo:/home/simulations/ros2_sims_ws/install/rclrs:/home/simulations/ros2_sims_ws/install/rosidl_runtime_rs:/opt/ros/humble _=/usr/bin/env /usr/bin/cmake --build /home/user/ros2_ws/build/robot_patrol -- -j8 -l8
[16.121s] Invoking command in '/home/user/ros2_ws/build/robot_patrol': CMAKE_PREFIX_PATH=${CMAKE_PREFIX_PATH}:/home/simulations/ros2_sims_ws/install/rclrs_tests:/home/simulations/ros2_sims_ws/install/examples_rclrs_minimal_client_service:/home/simulations/ros2_sims_ws/install/sensor_msgs_py:/home/simulations/ros2_sims_ws/install/examples_rclrs_minimal_pub_sub:/home/simulations/ros2_sims_ws/install/examples_rclrs_message_demo:/home/simulations/ros2_sims_ws/install/rclrs:/home/simulations/ros2_sims_ws/install/rosidl_runtime_rs:/opt/ros/humble _=/usr/bin/env /usr/bin/cmake --install /home/user/ros2_ws/build/robot_patrol
[16.136s] -- Install configuration: ""
[16.137s] -- Installing: /home/user/ros2_ws/install/robot_patrol/lib/robot_patrol/patrol
[16.154s] -- Set runtime path of "/home/user/ros2_ws/install/robot_patrol/lib/robot_patrol/patrol" to ""
[16.154s] -- Up-to-date: /home/user/ros2_ws/install/robot_patrol/share/robot_patrol//launch
[16.154s] -- Up-to-date: /home/user/ros2_ws/install/robot_patrol/share/robot_patrol//launch/start_patrolling.launch.py
[16.154s] -- Up-to-date: /home/user/ros2_ws/install/robot_patrol/share/ament_index/resource_index/package_run_dependencies/robot_patrol
[16.154s] -- Installing: /home/user/ros2_ws/install/robot_patrol/share/ament_index/resource_index/parent_prefix_path/robot_patrol
[16.155s] -- Up-to-date: /home/user/ros2_ws/install/robot_patrol/share/robot_patrol/environment/ament_prefix_path.sh
[16.155s] -- Installing: /home/user/ros2_ws/install/robot_patrol/share/robot_patrol/environment/ament_prefix_path.dsv
[16.155s] -- Up-to-date: /home/user/ros2_ws/install/robot_patrol/share/robot_patrol/environment/path.sh
[16.155s] -- Installing: /home/user/ros2_ws/install/robot_patrol/share/robot_patrol/environment/path.dsv
[16.156s] -- Up-to-date: /home/user/ros2_ws/install/robot_patrol/share/robot_patrol/local_setup.bash
[16.156s] -- Up-to-date: /home/user/ros2_ws/install/robot_patrol/share/robot_patrol/local_setup.sh
[16.157s] -- Up-to-date: /home/user/ros2_ws/install/robot_patrol/share/robot_patrol/local_setup.zsh
[16.158s] -- Installing: /home/user/ros2_ws/install/robot_patrol/share/robot_patrol/local_setup.dsv
[16.158s] -- Installing: /home/user/ros2_ws/install/robot_patrol/share/robot_patrol/package.dsv
[16.159s] -- Up-to-date: /home/user/ros2_ws/install/robot_patrol/share/ament_index/resource_index/packages/robot_patrol
[16.159s] -- Up-to-date: /home/user/ros2_ws/install/robot_patrol/share/robot_patrol/cmake/robot_patrolConfig.cmake
[16.160s] -- Up-to-date: /home/user/ros2_ws/install/robot_patrol/share/robot_patrol/cmake/robot_patrolConfig-version.cmake
[16.160s] -- Up-to-date: /home/user/ros2_ws/install/robot_patrol/share/robot_patrol/package.xml
[16.167s] Invoked command in '/home/user/ros2_ws/build/robot_patrol' returned '0': CMAKE_PREFIX_PATH=${CMAKE_PREFIX_PATH}:/home/simulations/ros2_sims_ws/install/rclrs_tests:/home/simulations/ros2_sims_ws/install/examples_rclrs_minimal_client_service:/home/simulations/ros2_sims_ws/install/sensor_msgs_py:/home/simulations/ros2_sims_ws/install/examples_rclrs_minimal_pub_sub:/home/simulations/ros2_sims_ws/install/examples_rclrs_message_demo:/home/simulations/ros2_sims_ws/install/rclrs:/home/simulations/ros2_sims_ws/install/rosidl_runtime_rs:/opt/ros/humble _=/usr/bin/env /usr/bin/cmake --install /home/user/ros2_ws/build/robot_patrol
