[0.043s] Invoking command in '/home/user/ros2_ws/build/robot_patrol': CMAKE_PREFIX_PATH=${CMAKE_PREFIX_PATH}:/home/simulations/ros2_sims_ws/install/rclrs_tests:/home/simulations/ros2_sims_ws/install/examples_rclrs_minimal_client_service:/home/simulations/ros2_sims_ws/install/sensor_msgs_py:/home/simulations/ros2_sims_ws/install/examples_rclrs_minimal_pub_sub:/home/simulations/ros2_sims_ws/install/examples_rclrs_message_demo:/home/simulations/ros2_sims_ws/install/rclrs:/home/simulations/ros2_sims_ws/install/rosidl_runtime_rs:/opt/ros/humble _=/usr/bin/env /usr/bin/cmake --build /home/user/ros2_ws/build/robot_patrol -- -j8 -l8
[0.094s] -- Found ament_cmake: 1.3.4 (/opt/ros/humble/share/ament_cmake/cmake)
[0.380s] -- Found rclcpp: 16.0.4 (/opt/ros/humble/share/rclcpp/cmake)
[0.434s] -- Found rosidl_generator_c: 3.1.4 (/opt/ros/humble/share/rosidl_generator_c/cmake)
[0.437s] -- Found rosidl_adapter: 3.1.4 (/opt/ros/humble/share/rosidl_adapter/cmake)
[0.447s] -- Found rosidl_generator_cpp: 3.1.4 (/opt/ros/humble/share/rosidl_generator_cpp/cmake)
[0.475s] -- Using all available rosidl_typesupport_c: rosidl_typesupport_fastrtps_c;rosidl_typesupport_introspection_c
[0.501s] -- Using all available rosidl_typesupport_cpp: rosidl_typesupport_fastrtps_cpp;rosidl_typesupport_introspection_cpp
[0.605s] -- Found rmw_implementation_cmake: 6.1.1 (/opt/ros/humble/share/rmw_implementation_cmake/cmake)
[0.609s] -- Found rmw_fastrtps_cpp: 6.2.2 (/opt/ros/humble/share/rmw_fastrtps_cpp/cmake)
[0.896s] -- Using RMW implementation 'rmw_fastrtps_cpp' as default
[1.184s] -- Found rclcpp_action: 16.0.4 (/opt/ros/humble/share/rclcpp_action/cmake)
[1.346s] -- Found sensor_msgs: 4.2.3 (/home/simulations/ros2_sims_ws/install/sensor_msgs/share/sensor_msgs/cmake)
[1.602s] -- Found nav_msgs: 4.2.3 (/home/simulations/ros2_sims_ws/install/nav_msgs/share/nav_msgs/cmake)
[2.006s] -- Found ament_lint_auto: 0.12.6 (/opt/ros/humble/share/ament_lint_auto/cmake)
[2.178s] -- Added test 'copyright' to check source files copyright and LICENSE
[2.180s] -- Added test 'cppcheck' to perform static code analysis on C / C++ code
[2.180s] -- Configured cppcheck include dirs: 
[2.181s] -- Configured cppcheck exclude dirs and/or files: 
[2.183s] -- Added test 'cpplint' to check C / C++ code against the Google style
[2.183s] -- Configured cpplint exclude dirs and/or files: 
[2.185s] -- Added test 'flake8' to check Python code syntax and style conventions
[2.186s] -- Added test 'lint_cmake' to check CMake code style
[2.187s] -- Added test 'pep257' to check Python code against some of the docstring style conventions in PEP 257
[2.190s] -- Added test 'uncrustify' to check C / C++ code style
[2.190s] -- Configured uncrustify additional arguments: 
[2.192s] -- Added test 'xmllint' to check XML markup files
[2.193s] -- Configuring done
[2.216s] -- Generating done
[2.220s] -- Build files have been written to: /home/user/ros2_ws/build/robot_patrol
[2.335s] [ 50%] [32mBuilding CXX object CMakeFiles/Move_turtlebot_node.dir/src/patrol.cpp.o[0m
[11.870s] In file included from [01m[K/opt/ros/humble/include/rclcpp/rclcpp/topic_statistics/subscription_topic_statistics.hpp:31[m[K,
[11.871s]                  from [01m[K/opt/ros/humble/include/rclcpp/rclcpp/subscription.hpp:50[m[K,
[11.871s]                  from [01m[K/opt/ros/humble/include/rclcpp/rclcpp/any_executable.hpp:25[m[K,
[11.871s]                  from [01m[K/opt/ros/humble/include/rclcpp/rclcpp/memory_strategy.hpp:25[m[K,
[11.871s]                  from [01m[K/opt/ros/humble/include/rclcpp/rclcpp/memory_strategies.hpp:18[m[K,
[11.871s]                  from [01m[K/opt/ros/humble/include/rclcpp/rclcpp/executor_options.hpp:20[m[K,
[11.871s]                  from [01m[K/opt/ros/humble/include/rclcpp/rclcpp/executor.hpp:37[m[K,
[11.871s]                  from [01m[K/opt/ros/humble/include/rclcpp/rclcpp/executors/multi_threaded_executor.hpp:25[m[K,
[11.872s]                  from [01m[K/opt/ros/humble/include/rclcpp/rclcpp/executors.hpp:21[m[K,
[11.872s]                  from [01m[K/home/user/ros2_ws/src/robot_patrol/src/patrol.cpp:2[m[K:
[11.872s] /opt/ros/humble/include/rclcpp/rclcpp/publisher.hpp: In instantiation of '[01m[Kclass rclcpp::Publisher<geometry_msgs::msg::Twist_<std::allocator<void> > >[m[K':
[11.872s] [01m[K/home/user/ros2_ws/src/robot_patrol/src/patrol.cpp:66:49:[m[K   required from here
[11.873s] [01m[K/opt/ros/humble/include/rclcpp/rclcpp/publisher.hpp:81:47:[m[K [01;31m[Kerror: [m[Kstatic assertion failed: given message type is not compatible with ROS and cannot be used with a Publisher
[11.873s]    81 |     rclcpp::is_ros_compatible_type<MessageT>::[01;31m[Kvalue[m[K,
[11.873s]       |                                               [01;31m[K^~~~~[m[K
[11.873s] [01m[K/opt/ros/humble/include/rclcpp/rclcpp/publisher.hpp:81:47:[m[K [01;36m[Knote: [m[K'[01m[Krclcpp::is_ros_compatible_type<geometry_msgs::msg::Twist_<std::allocator<void> > >::value[m[K' evaluates to false
[11.976s] [01m[K/home/user/ros2_ws/src/robot_patrol/src/patrol.cpp:[m[K In member function '[01m[Kvoid RobotPatrolController::timerCallback()[m[K':
[11.976s] [01m[K/home/user/ros2_ws/src/robot_patrol/src/patrol.cpp:63:28:[m[K [01;31m[Kerror: [m[Kno matching function for call to '[01m[Krclcpp::Publisher<geometry_msgs::msg::Twist_<std::allocator<void> > >::publish(geometry_msgs::msg::Twist&)[m[K'
[11.976s]    63 |         [01;31m[Kpublisher_->publish(velocity_)[m[K;
[11.976s]       |         [01;31m[K~~~~~~~~~~~~~~~~~~~^~~~~~~~~~~[m[K
[11.977s] In file included from [01m[K/opt/ros/humble/include/rclcpp/rclcpp/topic_statistics/subscription_topic_statistics.hpp:31[m[K,
[11.978s]                  from [01m[K/opt/ros/humble/include/rclcpp/rclcpp/subscription.hpp:50[m[K,
[11.978s]                  from [01m[K/opt/ros/humble/include/rclcpp/rclcpp/any_executable.hpp:25[m[K,
[11.978s]                  from [01m[K/opt/ros/humble/include/rclcpp/rclcpp/memory_strategy.hpp:25[m[K,
[11.978s]                  from [01m[K/opt/ros/humble/include/rclcpp/rclcpp/memory_strategies.hpp:18[m[K,
[11.978s]                  from [01m[K/opt/ros/humble/include/rclcpp/rclcpp/executor_options.hpp:20[m[K,
[11.978s]                  from [01m[K/opt/ros/humble/include/rclcpp/rclcpp/executor.hpp:37[m[K,
[11.978s]                  from [01m[K/opt/ros/humble/include/rclcpp/rclcpp/executors/multi_threaded_executor.hpp:25[m[K,
[11.978s]                  from [01m[K/opt/ros/humble/include/rclcpp/rclcpp/executors.hpp:21[m[K,
[11.978s]                  from [01m[K/home/user/ros2_ws/src/robot_patrol/src/patrol.cpp:2[m[K:
[11.978s] [01m[K/opt/ros/humble/include/rclcpp/rclcpp/publisher.hpp:251:3:[m[K [01;36m[Knote: [m[Kcandidate: '[01m[Ktemplate<class T> std::enable_if_t<(rosidl_generator_traits::is_message<T>::value && std::is_same<T, typename rclcpp::TypeAdapter<MessageT>::ros_message_type>::value)> rclcpp::Publisher<MessageT, AllocatorT>::publish(std::unique_ptr<T, typename std::conditional<std::is_same<typename std::allocator_traits<typename std::allocator_traits<_Allocator>::rebind_traits<typename rclcpp::TypeAdapter<MessageT, void, void>::ros_message_type>::allocator_type>::rebind_alloc<typename rclcpp::TypeAdapter<MessageT, void, void>::ros_message_type>, std::allocator<typename rclcpp::TypeAdapter<MessageT>::ros_message_type> >::value, std::default_delete<typename rclcpp::TypeAdapter<MessageT>::ros_message_type>, rclcpp::allocator::AllocatorDeleter<typename std::allocator_traits<_Allocator>::rebind_traits<typename rclcpp::TypeAdapter<MessageT, void, void>::ros_message_type>::allocator_type> >::type>) [with T = T; MessageT = geometry_msgs::msg::Twist_<std::allocator<void> >; AllocatorT = std::allocator<void>][m[K'
[11.978s]   251 |   [01;36m[Kpublish[m[K(std::unique_ptr<T, ROSMessageTypeDeleter> msg)
[11.979s]       |   [01;36m[K^~~~~~~[m[K
[11.979s] [01m[K/opt/ros/humble/include/rclcpp/rclcpp/publisher.hpp:251:3:[m[K [01;36m[Knote: [m[K  template argument deduction/substitution failed:
[11.979s] [01m[K/home/user/ros2_ws/src/robot_patrol/src/patrol.cpp:63:28:[m[K [01;36m[Knote: [m[K  '[01m[Kgeometry_msgs::msg::Twist_<std::allocator<void> >[m[K' is not derived from '[01m[Kstd::unique_ptr<T, std::default_delete<geometry_msgs::msg::Twist_<std::allocator<void> > > >[m[K'
[11.979s]    63 |         [01;36m[Kpublisher_->publish(velocity_)[m[K;
[11.979s]       |         [01;36m[K~~~~~~~~~~~~~~~~~~~^~~~~~~~~~~[m[K
[11.979s] In file included from [01m[K/opt/ros/humble/include/rclcpp/rclcpp/topic_statistics/subscription_topic_statistics.hpp:31[m[K,
[11.979s]                  from [01m[K/opt/ros/humble/include/rclcpp/rclcpp/subscription.hpp:50[m[K,
[11.979s]                  from [01m[K/opt/ros/humble/include/rclcpp/rclcpp/any_executable.hpp:25[m[K,
[11.979s]                  from [01m[K/opt/ros/humble/include/rclcpp/rclcpp/memory_strategy.hpp:25[m[K,
[11.979s]                  from [01m[K/opt/ros/humble/include/rclcpp/rclcpp/memory_strategies.hpp:18[m[K,
[11.979s]                  from [01m[K/opt/ros/humble/include/rclcpp/rclcpp/executor_options.hpp:20[m[K,
[11.979s]                  from [01m[K/opt/ros/humble/include/rclcpp/rclcpp/executor.hpp:37[m[K,
[11.979s]                  from [01m[K/opt/ros/humble/include/rclcpp/rclcpp/executors/multi_threaded_executor.hpp:25[m[K,
[11.980s]                  from [01m[K/opt/ros/humble/include/rclcpp/rclcpp/executors.hpp:21[m[K,
[11.980s]                  from [01m[K/home/user/ros2_ws/src/robot_patrol/src/patrol.cpp:2[m[K:
[11.980s] [01m[K/opt/ros/humble/include/rclcpp/rclcpp/publisher.hpp:292:3:[m[K [01;36m[Knote: [m[Kcandidate: '[01m[Ktemplate<class T> std::enable_if_t<(rosidl_generator_traits::is_message<T>::value && std::is_same<T, typename rclcpp::TypeAdapter<MessageT>::ros_message_type>::value)> rclcpp::Publisher<MessageT, AllocatorT>::publish(const T&) [with T = T; MessageT = geometry_msgs::msg::Twist_<std::allocator<void> >; AllocatorT = std::allocator<void>][m[K'
[11.980s]   292 |   [01;36m[Kpublish[m[K(const T & msg)
[11.980s]       |   [01;36m[K^~~~~~~[m[K
[11.980s] [01m[K/opt/ros/humble/include/rclcpp/rclcpp/publisher.hpp:292:3:[m[K [01;36m[Knote: [m[K  template argument deduction/substitution failed:
[11.980s] In file included from [01m[K/usr/include/c++/11/bits/move.h:57[m[K,
[11.980s]                  from [01m[K/usr/include/c++/11/bits/stl_pair.h:59[m[K,
[11.980s]                  from [01m[K/usr/include/c++/11/utility:70[m[K,
[11.980s]                  from [01m[K/usr/include/c++/11/algorithm:60[m[K,
[11.980s]                  from [01m[K/home/simulations/ros2_sims_ws/install/geometry_msgs/include/geometry_msgs/geometry_msgs/msg/detail/twist__struct.hpp:8[m[K,
[11.980s]                  from [01m[K/home/user/ros2_ws/src/robot_patrol/src/patrol.cpp:1[m[K:
[11.980s] /usr/include/c++/11/type_traits: In substitution of '[01m[Ktemplate<bool _Cond, class _Tp> using enable_if_t = typename std::enable_if::type [with bool _Cond = false; _Tp = void][m[K':
[11.981s] [01m[K/opt/ros/humble/include/rclcpp/rclcpp/publisher.hpp:292:3:[m[K   required by substitution of '[01m[Ktemplate<class T> std::enable_if_t<(rosidl_generator_traits::is_message<T>::value && std::is_same<T, geometry_msgs::msg::Twist_<std::allocator<void> > >::value), void> rclcpp::Publisher<geometry_msgs::msg::Twist_<std::allocator<void> > >::publish<T>(const T&) [with T = geometry_msgs::msg::Twist_<std::allocator<void> >][m[K'
[11.981s] [01m[K/home/user/ros2_ws/src/robot_patrol/src/patrol.cpp:63:28:[m[K   required from here
[11.981s] [01m[K/usr/include/c++/11/type_traits:2585:11:[m[K [01;31m[Kerror: [m[Kno type named '[01m[Ktype[m[K' in '[01m[Kstruct std::enable_if<false, void>[m[K'
[11.981s]  2585 |     using [01;31m[Kenable_if_t[m[K = typename enable_if<_Cond, _Tp>::type;
[11.981s]       |           [01;31m[K^~~~~~~~~~~[m[K
[11.981s] In file included from [01m[K/opt/ros/humble/include/rclcpp/rclcpp/topic_statistics/subscription_topic_statistics.hpp:31[m[K,
[11.981s]                  from [01m[K/opt/ros/humble/include/rclcpp/rclcpp/subscription.hpp:50[m[K,
[11.981s]                  from [01m[K/opt/ros/humble/include/rclcpp/rclcpp/any_executable.hpp:25[m[K,
[11.981s]                  from [01m[K/opt/ros/humble/include/rclcpp/rclcpp/memory_strategy.hpp:25[m[K,
[11.981s]                  from [01m[K/opt/ros/humble/include/rclcpp/rclcpp/memory_strategies.hpp:18[m[K,
[11.981s]                  from [01m[K/opt/ros/humble/include/rclcpp/rclcpp/executor_options.hpp:20[m[K,
[11.981s]                  from [01m[K/opt/ros/humble/include/rclcpp/rclcpp/executor.hpp:37[m[K,
[11.981s]                  from [01m[K/opt/ros/humble/include/rclcpp/rclcpp/executors/multi_threaded_executor.hpp:25[m[K,
[11.982s]                  from [01m[K/opt/ros/humble/include/rclcpp/rclcpp/executors.hpp:21[m[K,
[11.982s]                  from [01m[K/home/user/ros2_ws/src/robot_patrol/src/patrol.cpp:2[m[K:
[11.982s] [01m[K/opt/ros/humble/include/rclcpp/rclcpp/publisher.hpp:322:3:[m[K [01;36m[Knote: [m[Kcandidate: '[01m[Ktemplate<class T> std::enable_if_t<(typename rclcpp::TypeAdapter<MessageT>::is_specialized::value && std::is_same<T, typename rclcpp::TypeAdapter<MessageT>::custom_type>::value)> rclcpp::Publisher<MessageT, AllocatorT>::publish(std::unique_ptr<T, typename std::conditional<std::is_same<typename std::allocator_traits<typename std::allocator_traits<_Allocator>::rebind_traits<typename rclcpp::TypeAdapter<MessageT, void, void>::custom_type>::allocator_type>::rebind_alloc<typename rclcpp::TypeAdapter<MessageT, void, void>::custom_type>, std::allocator<typename rclcpp::TypeAdapter<MessageT>::custom_type> >::value, std::default_delete<typename rclcpp::TypeAdapter<MessageT>::custom_type>, rclcpp::allocator::AllocatorDeleter<typename std::allocator_traits<_Allocator>::rebind_traits<typename rclcpp::TypeAdapter<MessageT, void, void>::custom_type>::allocator_type> >::type>) [with T = T; MessageT = geometry_msgs::msg::Twist_<std::allocator<void> >; AllocatorT = std::allocator<void>][m[K'
[11.982s]   322 |   [01;36m[Kpublish[m[K(std::unique_ptr<T, PublishedTypeDeleter> msg)
[11.982s]       |   [01;36m[K^~~~~~~[m[K
[11.982s] [01m[K/opt/ros/humble/include/rclcpp/rclcpp/publisher.hpp:322:3:[m[K [01;36m[Knote: [m[K  template argument deduction/substitution failed:
[11.982s] [01m[K/home/user/ros2_ws/src/robot_patrol/src/patrol.cpp:63:28:[m[K [01;36m[Knote: [m[K  '[01m[Kgeometry_msgs::msg::Twist_<std::allocator<void> >[m[K' is not derived from '[01m[Kstd::unique_ptr<T, std::default_delete<geometry_msgs::msg::Twist_<std::allocator<void> > > >[m[K'
[11.982s]    63 |         [01;36m[Kpublisher_->publish(velocity_)[m[K;
[11.982s]       |         [01;36m[K~~~~~~~~~~~~~~~~~~~^~~~~~~~~~~[m[K
[11.982s] In file included from [01m[K/opt/ros/humble/include/rclcpp/rclcpp/topic_statistics/subscription_topic_statistics.hpp:31[m[K,
[11.982s]                  from [01m[K/opt/ros/humble/include/rclcpp/rclcpp/subscription.hpp:50[m[K,
[11.982s]                  from [01m[K/opt/ros/humble/include/rclcpp/rclcpp/any_executable.hpp:25[m[K,
[11.982s]                  from [01m[K/opt/ros/humble/include/rclcpp/rclcpp/memory_strategy.hpp:25[m[K,
[11.983s]                  from [01m[K/opt/ros/humble/include/rclcpp/rclcpp/memory_strategies.hpp:18[m[K,
[11.983s]                  from [01m[K/opt/ros/humble/include/rclcpp/rclcpp/executor_options.hpp:20[m[K,
[11.983s]                  from [01m[K/opt/ros/humble/include/rclcpp/rclcpp/executor.hpp:37[m[K,
[11.983s]                  from [01m[K/opt/ros/humble/include/rclcpp/rclcpp/executors/multi_threaded_executor.hpp:25[m[K,
[11.983s]                  from [01m[K/opt/ros/humble/include/rclcpp/rclcpp/executors.hpp:21[m[K,
[11.983s]                  from [01m[K/home/user/ros2_ws/src/robot_patrol/src/patrol.cpp:2[m[K:
[11.983s] [01m[K/opt/ros/humble/include/rclcpp/rclcpp/publisher.hpp:364:3:[m[K [01;36m[Knote: [m[Kcandidate: '[01m[Ktemplate<class T> std::enable_if_t<(typename rclcpp::TypeAdapter<MessageT>::is_specialized::value && std::is_same<T, typename rclcpp::TypeAdapter<MessageT>::custom_type>::value)> rclcpp::Publisher<MessageT, AllocatorT>::publish(const T&) [with T = T; MessageT = geometry_msgs::msg::Twist_<std::allocator<void> >; AllocatorT = std::allocator<void>][m[K'
[11.983s]   364 |   [01;36m[Kpublish[m[K(const T & msg)
[11.983s]       |   [01;36m[K^~~~~~~[m[K
[11.983s] [01m[K/opt/ros/humble/include/rclcpp/rclcpp/publisher.hpp:364:3:[m[K [01;36m[Knote: [m[K  template argument deduction/substitution failed:
[11.983s] [01m[K/opt/ros/humble/include/rclcpp/rclcpp/publisher.hpp:383:3:[m[K [01;36m[Knote: [m[Kcandidate: '[01m[Kvoid rclcpp::Publisher<MessageT, AllocatorT>::publish(const rcl_serialized_message_t&) [with MessageT = geometry_msgs::msg::Twist_<std::allocator<void> >; AllocatorT = std::allocator<void>; rcl_serialized_message_t = rcutils_uint8_array_s][m[K'
[11.983s]   383 |   [01;36m[Kpublish[m[K(const rcl_serialized_message_t & serialized_msg)
[11.984s]       |   [01;36m[K^~~~~~~[m[K
[11.984s] [01m[K/opt/ros/humble/include/rclcpp/rclcpp/publisher.hpp:383:44:[m[K [01;36m[Knote: [m[K  no known conversion for argument 1 from '[01m[Kgeometry_msgs::msg::Twist[m[K' {aka '[01m[Kgeometry_msgs::msg::Twist_<std::allocator<void> >[m[K'} to '[01m[Kconst rcl_serialized_message_t&[m[K' {aka '[01m[Kconst rcutils_uint8_array_s&[m[K'}
[11.984s]   383 |   publish([01;36m[Kconst rcl_serialized_message_t & serialized_msg[m[K)
[11.984s]       |           [01;36m[K~~~~~~~~~~~~~~~~~~~~~~~~~~~~~~~~~^~~~~~~~~~~~~~[m[K
[11.984s] [01m[K/opt/ros/humble/include/rclcpp/rclcpp/publisher.hpp:389:3:[m[K [01;36m[Knote: [m[Kcandidate: '[01m[Kvoid rclcpp::Publisher<MessageT, AllocatorT>::publish(const rclcpp::SerializedMessage&) [with MessageT = geometry_msgs::msg::Twist_<std::allocator<void> >; AllocatorT = std::allocator<void>][m[K'
[11.984s]   389 |   [01;36m[Kpublish[m[K(const SerializedMessage & serialized_msg)
[11.984s]       |   [01;36m[K^~~~~~~[m[K
[11.984s] [01m[K/opt/ros/humble/include/rclcpp/rclcpp/publisher.hpp:389:37:[m[K [01;36m[Knote: [m[K  no known conversion for argument 1 from '[01m[Kgeometry_msgs::msg::Twist[m[K' {aka '[01m[Kgeometry_msgs::msg::Twist_<std::allocator<void> >[m[K'} to '[01m[Kconst rclcpp::SerializedMessage&[m[K'
[11.984s]   389 |   publish([01;36m[Kconst SerializedMessage & serialized_msg[m[K)
[11.984s]       |           [01;36m[K~~~~~~~~~~~~~~~~~~~~~~~~~~^~~~~~~~~~~~~~[m[K
[11.984s] [01m[K/opt/ros/humble/include/rclcpp/rclcpp/publisher.hpp:403:3:[m[K [01;36m[Knote: [m[Kcandidate: '[01m[Kvoid rclcpp::Publisher<MessageT, AllocatorT>::publish(rclcpp::LoanedMessage<typename rclcpp::TypeAdapter<MessageT>::ros_message_type, AllocatorT>&&) [with MessageT = geometry_msgs::msg::Twist_<std::allocator<void> >; AllocatorT = std::allocator<void>; typename rclcpp::TypeAdapter<MessageT>::ros_message_type = geometry_msgs::msg::Twist_<std::allocator<void> >][m[K'
[11.985s]   403 |   [01;36m[Kpublish[m[K(rclcpp::LoanedMessage<ROSMessageType, AllocatorT> && loaned_msg)
[11.985s]       |   [01;36m[K^~~~~~~[m[K
[11.985s] [01m[K/opt/ros/humble/include/rclcpp/rclcpp/publisher.hpp:403:64:[m[K [01;36m[Knote: [m[K  no known conversion for argument 1 from '[01m[Kgeometry_msgs::msg::Twist[m[K' {aka '[01m[Kgeometry_msgs::msg::Twist_<std::allocator<void> >[m[K'} to '[01m[Krclcpp::LoanedMessage<geometry_msgs::msg::Twist_<std::allocator<void> >, std::allocator<void> >&&[m[K'
[11.985s]   403 |   publish([01;36m[Krclcpp::LoanedMessage<ROSMessageType, AllocatorT> && loaned_msg[m[K)
[11.985s]       |           [01;36m[K~~~~~~~~~~~~~~~~~~~~~~~~~~~~~~~~~~~~~~~~~~~~~~~~~~~~~^~~~~~~~~~[m[K
[15.909s] gmake[2]: *** [CMakeFiles/Move_turtlebot_node.dir/build.make:76: CMakeFiles/Move_turtlebot_node.dir/src/patrol.cpp.o] Error 1
[15.909s] gmake[1]: *** [CMakeFiles/Makefile2:137: CMakeFiles/Move_turtlebot_node.dir/all] Error 2
[15.909s] gmake: *** [Makefile:146: all] Error 2
[15.911s] Invoked command in '/home/user/ros2_ws/build/robot_patrol' returned '2': CMAKE_PREFIX_PATH=${CMAKE_PREFIX_PATH}:/home/simulations/ros2_sims_ws/install/rclrs_tests:/home/simulations/ros2_sims_ws/install/examples_rclrs_minimal_client_service:/home/simulations/ros2_sims_ws/install/sensor_msgs_py:/home/simulations/ros2_sims_ws/install/examples_rclrs_minimal_pub_sub:/home/simulations/ros2_sims_ws/install/examples_rclrs_message_demo:/home/simulations/ros2_sims_ws/install/rclrs:/home/simulations/ros2_sims_ws/install/rosidl_runtime_rs:/opt/ros/humble _=/usr/bin/env /usr/bin/cmake --build /home/user/ros2_ws/build/robot_patrol -- -j8 -l8
